2023-02-25T13:53:02.3326677 404 : [{"timestamp":"2023-02-25T18:53:02.304+00:00","status":404,"error":"Not Found","message":"No message available","path":"/history/2001"}]
2023-02-25T13:56:02.4499247 404 : [{"timestamp":"2023-02-25T18:56:02.435+00:00","status":404,"error":"Not Found","message":"No message available","path":"/history/2001"}]
2023-02-25T13:56:31.4069912 404 : [{"timestamp":"2023-02-25T18:56:31.394+00:00","status":404,"error":"Not Found","message":"No message available","path":"/history/2001"}]
2023-02-25T14:10:25.3744337 500 : [{"timestamp":"2023-02-25T19:10:25.358+00:00","status":500,"error":"Internal Server Error","message":"PreparedStatementCallback; bad SQL grammar [SELECT * FROM transfer WHERE transfer_id = ?]; nested e... (411 bytes)]
2023-02-25T14:50:40.3663814 404 : [{"timestamp":"2023-02-25T19:50:40.349+00:00","status":404,"error":"Not Found","message":"No message available","path":"/user/1001/balance"}]
2023-02-25T14:51:25.2166666 404 : [{"timestamp":"2023-02-25T19:51:25.214+00:00","status":404,"error":"Not Found","message":"No message available","path":"/user/1001/balance"}]
2023-02-25T15:21:59.5468406 500 : [{"timestamp":"2023-02-25T20:21:59.509+00:00","status":500,"error":"Internal Server Error","message":"PreparedStatementCallback; bad SQL grammar [SELECT * FROM transfer WHERE transfer_id = ?]; nested e... (414 bytes)]
2023-02-25T15:36:50.6912066 500 : [{"timestamp":"2023-02-25T20:36:50.674+00:00","status":500,"error":"Internal Server Error","message":"PreparedStatementCallback; bad SQL grammar [SELECT * FROM transfer WHERE transfer_id = ?]; nested e... (414 bytes)]
2023-02-25T15:38:50.8069717 500 : [{"timestamp":"2023-02-25T20:38:50.793+00:00","status":500,"error":"Internal Server Error","message":"PreparedStatementCallback; bad SQL grammar [SELECT * FROM transfer WHERE transfer_id = ?]; nested e... (414 bytes)]
2023-02-25T15:40:45.3841799 500 : [{"timestamp":"2023-02-25T20:40:24.635+00:00","status":500,"error":"Internal Server Error","message":"PreparedStatementCallback; bad SQL grammar [SELECT * FROM transfer WHERE transfer_id = ?]; nested e... (414 bytes)]
2023-02-25T15:42:13.766145 500 : [{"timestamp":"2023-02-25T20:42:13.749+00:00","status":500,"error":"Internal Server Error","message":"PreparedStatementCallback; bad SQL grammar [SELECT * FROM transfer WHERE transfer_id = ?]; nested e... (414 bytes)]
2023-02-25T15:42:32.4260598 401 : [no body]
2023-02-25T15:42:40.9890277 401 : [no body]
2023-02-25T15:44:43.4098582 500 : [{"timestamp":"2023-02-25T20:43:44.413+00:00","status":500,"error":"Internal Server Error","message":"PreparedStatementCallback; bad SQL grammar [SELECT * FROM transfer WHERE transfer_id = ?]; nested e... (414 bytes)]
2023-02-25T15:45:26.4292867 500 : [{"timestamp":"2023-02-25T20:45:26.415+00:00","status":500,"error":"Internal Server Error","message":"PreparedStatementCallback; bad SQL grammar [SELECT * FROM transfer WHERE transfer_id = ?]; nested e... (414 bytes)]
2023-02-25T15:48:57.6900685 500 : [{"timestamp":"2023-02-25T20:48:57.677+00:00","status":500,"error":"Internal Server Error","message":"PreparedStatementCallback; bad SQL grammar [SELECT * FROM transfer WHERE transfer_id = ?]; nested e... (414 bytes)]
2023-02-25T16:04:40.0203091 400 : [{"timestamp":"2023-02-25T21:04:40.001+00:00","status":400,"error":"Bad Request","message":"Failed to convert value of type 'java.lang.String' to required type 'int'; nested exception is java.lang.NumberFormatException: For input string: \"history\"","path":"/transfers/history/"}]
2023-02-25T17:17:07.3155514 500 : [{"timestamp":"2023-02-25T22:17:07.297+00:00","status":500,"error":"Internal Server Error","message":"Missing URI template variable 'accountFrom' for method parameter of type int","path":"/transfers/pending/2001"}]
2023-02-25T17:18:48.2701553 500 : [{"timestamp":"2023-02-25T22:18:48.256+00:00","status":500,"error":"Internal Server Error","message":"Missing URI template variable 'accountFrom' for method parameter of type int","path":"/transfers/pending/2002"}]
2023-02-25T17:21:08.31443 401 : [no body]
2023-02-25T17:23:35.7839177 500 : [{"timestamp":"2023-02-25T22:23:35.772+00:00","status":500,"error":"Internal Server Error","message":"Missing URI template variable 'accountFrom' for method parameter of type int","path":"/transfers/pending/2002"}]
2023-02-25T17:30:58.74388 500 : [{"timestamp":"2023-02-25T22:30:58.722+00:00","status":500,"error":"Internal Server Error","message":"PreparedStatementCallback; bad SQL grammar [SELECT * FROM transfer WHERE account_from = ? AND trans... (450 bytes)]
