2023-03-05T10:06:13.035359 400 : [{"message":"Transfer id  was not found.","timeStamp":"2023-03-05T10:06:13.0019975"}]
2023-03-05T10:09:39.5382322 400 : [{"message":"User testet was not found.","timeStamp":"2023-03-05T10:09:39.5230085"}]
2023-03-05T10:09:47.473229 400 : [{"message":"Transfer id  was not found.","timeStamp":"2023-03-05T10:09:47.4715644"}]
2023-03-05T10:12:02.7506287 400 : [{"message":"Transfer id  was not found.","timeStamp":"2023-03-05T10:12:02.7363674"}]
2023-03-05T10:12:55.9877693 401 : [no body]
2023-03-05T10:13:07.2157973 400 : [{"message":"Transfer id  was not found.","timeStamp":"2023-03-05T10:13:07.2117956"}]
2023-03-05T09:18:34.6004441 I/O error on POST request for "http://localhost:8080/login": Connection refused: connect; nested exception is java.net.ConnectException: Connection refused: connect
2023-03-05T09:23:27.0919613 400 : [{"message":"User ` was not found.","timeStamp":"2023-03-05T09:23:27.0660986"}]
2023-03-05T09:23:34.1570173 400 : [{"message":"User 1 was not found.","timeStamp":"2023-03-05T09:23:34.1550205"}]
2023-03-05T09:24:20.3877746 400 : [{"message":"User 1 was not found.","timeStamp":"2023-03-05T09:24:20.362767"}]
2023-03-05T09:28:28.3369125 400 : [{"message":"Account id  doesn't exist or has no transfers.","timeStamp":"2023-03-05T09:28:28.3289125"}]
2023-03-05T10:07:37.5248025 400 : [{"message":"User ` was not found.","timeStamp":"2023-03-05T10:07:37.5137996"}]
2023-03-05T10:08:09.2789199 400 : [{"message":"User ` was not found.","timeStamp":"2023-03-05T10:08:09.2691968"}]
2023-03-05T10:10:37.2627907 400 : [{"message":"User ` was not found.","timeStamp":"2023-03-05T10:10:37.2507907"}]
2023-03-05T10:13:48.1773842 400 : [{"message":"User ` was not found.","timeStamp":"2023-03-05T10:13:48.167385"}]
2023-03-05T10:14:41.3456546 400 : [{"message":"User ` was not found.","timeStamp":"2023-03-05T10:14:41.3344731"}]
2023-03-05T10:15:05.0431913 400 : [{"message":"User ` was not found.","timeStamp":"2023-03-05T10:15:05.0331911"}]
2023-03-05T10:15:35.4725394 400 : [{"message":"User ` was not found.","timeStamp":"2023-03-05T10:15:35.4625481"}]
2023-03-05T10:18:25.4021106 400 : [{"message":"User ` was not found.","timeStamp":"2023-03-05T10:18:25.3921457"}]
2023-03-05T10:19:08.4335807 400 : [{"message":"User ` was not found.","timeStamp":"2023-03-05T10:19:08.4237061"}]
2023-03-05T10:19:37.1819615 400 : [{"message":"User ` was not found.","timeStamp":"2023-03-05T10:19:37.1714554"}]
2023-03-05T10:20:17.4062632 400 : [{"message":"User ` was not found.","timeStamp":"2023-03-05T10:20:17.3952636"}]
2023-03-05T10:23:02.3040797 400 : [{"message":"User ` was not found.","timeStamp":"2023-03-05T10:23:02.2935246"}]
2023-03-05T10:49:18.7152702 500 : [{"timestamp":"2023-03-05T18:49:18.705+00:00","status":500,"error":"Internal Server Error","message":"PreparedStatementCallback; SQL [INSERT INTO transfer (transfer_status_id, transfer_type_id, account... (676 bytes)]
2023-03-05T15:29:59.6053707 400 : [{"message":"Account id  doesn't exist or has no transfers.","timeStamp":"2023-03-05T15:29:59.5803535"}]
2023-03-05T15:30:05.0256884 400 : [{"message":"Account id  doesn't exist or has no transfers.","timeStamp":"2023-03-05T15:30:05.0256884"}]
2023-03-05T16:08:16.252355 400 : [{"message":"Account id  doesn't exist or has no transfers.","timeStamp":"2023-03-05T16:08:16.2413583"}]
2023-03-05T16:10:35.882972 400 : [{"message":"Account id  doesn't exist or has no transfers.","timeStamp":"2023-03-05T16:10:35.8758351"}]
2023-03-05T16:25:15.2835533 400 : [{"message":"Account id  doesn't exist or has no transfers.","timeStamp":"2023-03-05T16:25:15.2740366"}]
2023-03-05T21:57:17.3113329 400 : [{"message":"User Kenny was not found.","timeStamp":"2023-03-05T21:57:17.2910237"}]
